[2026-05-18 18:02:29] local.ERROR: SQLSTATE[42S22]: Column not found: 1054 Unknown column 'email' in 'where clause' (Connection: mysql, Host: 127.0.0.1, Port: 3309, Database: cliente, SQL: select count(*) as aggregate from `users` where `email` = teste@gmail.com and `id` <> 71) {"exception":"[object] (Illuminate\\Database\\QueryException(code: 42S22): SQLSTATE[42S22]: Column not found: 1054 Unknown column 'email' in 'where clause' (Connection: mysql, Host: 127.0.0.1, Port: 3309, Database: cliente, SQL: select count(*) as aggregate from `users` where `email` = teste@gmail.com and `id` <> 71) at D:/2026/Fatec/DesenvolvimentoWeb/PacoteVitalicio/RaiosVitaisTres/RaiosVitaisLaravel/vendor/laravel/framework/src/Illuminate/Database/Connection.php:838)
[stacktrace]
#0 D:/2026/Fatec/DesenvolvimentoWeb/PacoteVitalicio/RaiosVitaisTres/RaiosVitaisLaravel/vendor/laravel/framework/src/Illuminate/Database/Connection.php(794): Illuminate/Database/Connection->runQueryCallback('select count(*)...', Array, Object(Closure))
#1 D:/2026/Fatec/DesenvolvimentoWeb/PacoteVitalicio/RaiosVitaisTres/RaiosVitaisLaravel/vendor/laravel/framework/src/Illuminate/Database/Connection.php(411): Illuminate/Database/Connection->run('select count(*)...', Array, Object(Closure))
#2 D:/2026/Fatec/DesenvolvimentoWeb/PacoteVitalicio/RaiosVitaisTres/RaiosVitaisLaravel/vendor/laravel/framework/src/Illuminate/Database/Query/Builder.php(3505): Illuminate/Database/Connection->select('select count(*)...', Array, false)
#3 D:/2026/Fatec/DesenvolvimentoWeb/PacoteVitalicio/RaiosVitaisTres/RaiosVitaisLaravel/vendor/laravel/framework/src/Illuminate/Database/Query/Builder.php(3490): Illuminate/Database/Query/Builder->runSelect()
#4 D:/2026/Fatec/DesenvolvimentoWeb/PacoteVitalicio/RaiosVitaisTres/RaiosVitaisLaravel/vendor/laravel/framework/src/Illuminate/Database/Query/Builder.php(4080): Illuminate/Database/Query/Builder->Illuminate/Database/Query/{closure}()
#5 D:/2026/Fatec/DesenvolvimentoWeb/PacoteVitalicio/RaiosVitaisTres/RaiosVitaisLaravel/vendor/laravel/framework/src/Illuminate/Database/Query/Builder.php(3489): Illuminate/Database/Query/Builder->onceWithColumns(Array, Object(Closure))
#6 D:/2026/Fatec/DesenvolvimentoWeb/PacoteVitalicio/RaiosVitaisTres/RaiosVitaisLaravel/vendor/laravel/framework/src/Illuminate/Database/Query/Builder.php(4004): Illuminate/Database/Query/Builder->get(Array)
#7 D:/2026/Fatec/DesenvolvimentoWeb/PacoteVitalicio/RaiosVitaisTres/RaiosVitaisLaravel/vendor/laravel/framework/src/Illuminate/Database/Query/Builder.php(3932): Illuminate/Database/Query/Builder->aggregate('count', Array)
#8 D:/2026/Fatec/DesenvolvimentoWeb/PacoteVitalicio/RaiosVitaisTres/RaiosVitaisLaravel/vendor/laravel/framework/src/Illuminate/Validation/DatabasePresenceVerifier.php(53): Illuminate/Database/Query/Builder->count()
#9 D:/2026/Fatec/DesenvolvimentoWeb/PacoteVitalicio/RaiosVitaisTres/RaiosVitaisLaravel/vendor/laravel/framework/src/Illuminate/Validation/Concerns/ValidatesAttributes.php(1083): Illuminate/Validation/DatabasePresenceVerifier->getCount('users', 'email', 'teste@gmail.com', '71', 'id', Array)
#10 D:/2026/Fatec/DesenvolvimentoWeb/PacoteVitalicio/RaiosVitaisTres/RaiosVitaisLaravel/vendor/laravel/framework/src/Illuminate/Validation/Validator.php(726): Illuminate/Validation/Validator->validateUnique('email', 'teste@gmail.com', Array, Object(Illuminate/Validation/Validator))
#11 D:/2026/Fatec/DesenvolvimentoWeb/PacoteVitalicio/RaiosVitaisTres/RaiosVitaisLaravel/vendor/laravel/framework/src/Illuminate/Validation/Validator.php(481): Illuminate/Validation/Validator->validateAttribute('email', 'Unique')
#12 D:/2026/Fatec/DesenvolvimentoWeb/PacoteVitalicio/RaiosVitaisTres/RaiosVitaisLaravel/vendor/laravel/framework/src/Illuminate/Validation/Validator.php(516): Illuminate/Validation/Validator->passes()
#13 D:/2026/Fatec/DesenvolvimentoWeb/PacoteVitalicio/RaiosVitaisTres/RaiosVitaisLaravel/vendor/laravel/framework/src/Illuminate/Validation/Validator.php(598): Illuminate/Validation/Validator->fails()
#14 D:/2026/Fatec/DesenvolvimentoWeb/PacoteVitalicio/RaiosVitaisTres/RaiosVitaisLaravel/vendor/laravel/framework/src/Illuminate/Foundation/Providers/FoundationServiceProvider.php(156): Illuminate/Validation/Validator->validate()
#15 D:/2026/Fatec/DesenvolvimentoWeb/PacoteVitalicio/RaiosVitaisTres/RaiosVitaisLaravel/vendor/laravel/framework/src/Illuminate/Macroable/Traits/Macroable.php(126): Illuminate/Http/Request->Illuminate/Foundation/Providers/{closure}(Array)
#16 D:/2026/Fatec/DesenvolvimentoWeb/PacoteVitalicio/RaiosVitaisTres/RaiosVitaisLaravel/app/Http/Controllers/UserController.php(58): Illuminate/Http/Request->__call('validate', Array)
#17 D:/2026/Fatec/DesenvolvimentoWeb/PacoteVitalicio/RaiosVitaisTres/RaiosVitaisLaravel/vendor/laravel/framework/src/Illuminate/Routing/ControllerDispatcher.php(46): App/Http/Controllers/UserController->update(Object(Illuminate/Http/Request), Object(App/Models/User))
#18 D:/2026/Fatec/DesenvolvimentoWeb/PacoteVitalicio/RaiosVitaisTres/RaiosVitaisLaravel/vendor/laravel/framework/src/Illuminate/Routing/Route.php(265): Illuminate/Routing/ControllerDispatcher->dispatch(Object(Illuminate/Routing/Route), Object(App/Http/Controllers/UserController), 'update')
#19 D:/2026/Fatec/DesenvolvimentoWeb/PacoteVitalicio/RaiosVitaisTres/RaiosVitaisLaravel/vendor/laravel/framework/src/Illuminate/Routing/Route.php(211): Illuminate/Routing/Route->runController()
#20 D:/2026/Fatec/DesenvolvimentoWeb/PacoteVitalicio/RaiosVitaisTres/RaiosVitaisLaravel/vendor/laravel/framework/src/Illuminate/Routing/Router.php(822): Illuminate/Routing/Route->run()
#21 D:/2026/Fatec/DesenvolvimentoWeb/PacoteVitalicio/RaiosVitaisTres/RaiosVitaisLaravel/vendor/laravel/framework/src/Illuminate/Pipeline/Pipeline.php(180): Illuminate/Routing/Router->Illuminate/Routing/{closure}(Object(Illuminate/Http/Request))
#22 D:/2026/Fatec/DesenvolvimentoWeb/PacoteVitalicio/RaiosVitaisTres/RaiosVitaisLaravel/app/Http/Middleware/RequireAuth.php(17): Illuminate/Pipeline/Pipeline->Illuminate/Pipeline/{closure}(Object(Illuminate/Http/Request))
#23 D:/2026/Fatec/DesenvolvimentoWeb/PacoteVitalicio/RaiosVitaisTres/RaiosVitaisLaravel/vendor/laravel/framework/src/Illuminate/Pipeline/Pipeline.php(219): App/Http/Middleware/RequireAuth->handle(Object(Illuminate/Http/Request), Object(Closure))
#24 D:/2026/Fatec/DesenvolvimentoWeb/PacoteVitalicio/RaiosVitaisTres/RaiosVitaisLaravel/vendor/laravel/framework/src/Illuminate/Routing/Middleware/SubstituteBindings.php(50): Illuminate/Pipeline/Pipeline->Illuminate/Pipeline/{closure}(Object(Illuminate/Http/Request))
#25 D:/2026/Fatec/DesenvolvimentoWeb/PacoteVitalicio/RaiosVitaisTres/RaiosVitaisLaravel/vendor/laravel/framework/src/Illuminate/Pipeline/Pipeline.php(219): Illuminate/Routing/Middleware/SubstituteBindings->handle(Object(Illuminate/Http/Request), Object(Closure))
#26 D:/2026/Fatec/DesenvolvimentoWeb/PacoteVitalicio/RaiosVitaisTres/RaiosVitaisLaravel/vendor/laravel/framework/src/Illuminate/Foundation/Http/Middleware/VerifyCsrfToken.php(87): Illuminate/Pipeline/Pipeline->Illuminate/Pipeline/{closure}(Object(Illuminate/Http/Request))
#27 D:/2026/Fatec/DesenvolvimentoWeb/PacoteVitalicio/RaiosVitaisTres/RaiosVitaisLaravel/vendor/laravel/framework/src/Illuminate/Pipeline/Pipeline.php(219): Illuminate/Foundation/Http/Middleware/VerifyCsrfToken->handle(Object(Illuminate/Http/Request), Object(Closure))
#28 D:/2026/Fatec/DesenvolvimentoWeb/PacoteVitalicio/RaiosVitaisTres/RaiosVitaisLaravel/vendor/laravel/framework/src/Illuminate/View/Middleware/ShareErrorsFromSession.php(48): Illuminate/Pipeline/Pipeline->Illuminate/Pipeline/{closure}(Object(Illuminate/Http/Request))
#29 D:/2026/Fatec/DesenvolvimentoWeb/PacoteVitalicio/RaiosVitaisTres/RaiosVitaisLaravel/vendor/laravel/framework/src/Illuminate/Pipeline/Pipeline.php(219): Illuminate/View/Middleware/ShareErrorsFromSession->handle(Object(Illuminate/Http/Request), Object(Closure))
#30 D:/2026/Fatec/DesenvolvimentoWeb/PacoteVitalicio/RaiosVitaisTres/RaiosVitaisLaravel/vendor/laravel/framework/src/Illuminate/Session/Middleware/StartSession.php(120): Illuminate/Pipeline/Pipeline->Illuminate/Pipeline/{closure}(Object(Illuminate/Http/Request))
#31 D:/2026/Fatec/DesenvolvimentoWeb/PacoteVitalicio/RaiosVitaisTres/RaiosVitaisLaravel/vendor/laravel/framework/src/Illuminate/Session/Middleware/StartSession.php(63): Illuminate/Session/Middleware/StartSession->handleStatefulRequest(Object(Illuminate/Http/Request), Object(Illuminate/Session/Store), Object(Closure))
#32 D:/2026/Fatec/DesenvolvimentoWeb/PacoteVitalicio/RaiosVitaisTres/RaiosVitaisLaravel/vendor/laravel/framework/src/Illuminate/Pipeline/Pipeline.php(219): Illuminate/Session/Middleware/StartSession->handle(Object(Illuminate/Http/Request), Object(Closure))
#33 D:/2026/Fatec/DesenvolvimentoWeb/PacoteVitalicio/RaiosVitaisTres/RaiosVitaisLaravel/vendor/laravel/framework/src/Illuminate/Cookie/Middleware/AddQueuedCookiesToResponse.php(36): Illuminate/Pipeline/Pipeline->Illuminate/Pipeline/{closure}(Object(Illuminate/Http/Request))
#34 D:/2026/Fatec/DesenvolvimentoWeb/PacoteVitalicio/RaiosVitaisTres/RaiosVitaisLaravel/vendor/laravel/framework/src/Illuminate/Pipeline/Pipeline.php(219): Illuminate/Cookie/Middleware/AddQueuedCookiesToResponse->handle(Object(Illuminate/Http/Request), Object(Closure))
#35 D:/2026/Fatec/DesenvolvimentoWeb/PacoteVitalicio/RaiosVitaisTres/RaiosVitaisLaravel/vendor/laravel/framework/src/Illuminate/Cookie/Middleware/EncryptCookies.php(74): Illuminate/Pipeline/Pipeline->Illuminate/Pipeline/{closure}(Object(Illuminate/Http/Request))
#36 D:/2026/Fatec/DesenvolvimentoWeb/PacoteVitalicio/RaiosVitaisTres/RaiosVitaisLaravel/vendor/laravel/framework/src/Illuminate/Pipeline/Pipeline.php(219): Illuminate/Cookie/Middleware/EncryptCookies->handle(Object(Illuminate/Http/Request), Object(Closure))
#37 D:/2026/Fatec/DesenvolvimentoWeb/PacoteVitalicio/RaiosVitaisTres/RaiosVitaisLaravel/vendor/laravel/framework/src/Illuminate/Pipeline/Pipeline.php(137): Illuminate/Pipeline/Pipeline->Illuminate/Pipeline/{closure}(Object(Illuminate/Http/Request))
#38 D:/2026/Fatec/DesenvolvimentoWeb/PacoteVitalicio/RaiosVitaisTres/RaiosVitaisLaravel/vendor/laravel/framework/src/Illuminate/Routing/Router.php(821): Illuminate/Pipeline/Pipeline->then(Object(Closure))
#39 D:/2026/Fatec/DesenvolvimentoWeb/PacoteVitalicio/RaiosVitaisTres/RaiosVitaisLaravel/vendor/laravel/framework/src/Illuminate/Routing/Router.php(800): Illuminate/Routing/Router->runRouteWithinStack(Object(Illuminate/Routing/Route), Object(Illuminate/Http/Request))
#40 D:/2026/Fatec/DesenvolvimentoWeb/PacoteVitalicio/RaiosVitaisTres/RaiosVitaisLaravel/vendor/laravel/framework/src/Illuminate/Routing/Router.php(764): Illuminate/Routing/Router->runRoute(Object(Illuminate/Http/Request), Object(Illuminate/Routing/Route))
#41 D:/2026/Fatec/DesenvolvimentoWeb/PacoteVitalicio/RaiosVitaisTres/RaiosVitaisLaravel/vendor/laravel/framework/src/Illuminate/Routing/Router.php(753): Illuminate/Routing/Router->dispatchToRoute(Object(Illuminate/Http/Request))
#42 D:/2026/Fatec/DesenvolvimentoWeb/PacoteVitalicio/RaiosVitaisTres/RaiosVitaisLaravel/vendor/laravel/framework/src/Illuminate/Foundation/Http/Kernel.php(200): Illuminate/Routing/Router->dispatch(Object(Illuminate/Http/Request))
#43 D:/2026/Fatec/DesenvolvimentoWeb/PacoteVitalicio/RaiosVitaisTres/RaiosVitaisLaravel/vendor/laravel/framework/src/Illuminate/Pipeline/Pipeline.php(180): Illuminate/Foundation/Http/Kernel->Illuminate/Foundation/Http/{closure}(Object(Illuminate/Http/Request))
#44 D:/2026/Fatec/DesenvolvimentoWeb/PacoteVitalicio/RaiosVitaisTres/RaiosVitaisLaravel/vendor/laravel/framework/src/Illuminate/Foundation/Http/Middleware/TransformsRequest.php(21): Illuminate/Pipeline/Pipeline->Illuminate/Pipeline/{closure}(Object(Illuminate/Http/Request))
#45 D:/2026/Fatec/DesenvolvimentoWeb/PacoteVitalicio/RaiosVitaisTres/RaiosVitaisLaravel/vendor/laravel/framework/src/Illuminate/Foundation/Http/Middleware/ConvertEmptyStringsToNull.php(31): Illuminate/Foundation/Http/Middleware/TransformsRequest->handle(Object(Illuminate/Http/Request), Object(Closure))
#46 D:/2026/Fatec/DesenvolvimentoWeb/PacoteVitalicio/RaiosVitaisTres/RaiosVitaisLaravel/vendor/laravel/framework/src/Illuminate/Pipeline/Pipeline.php(219): Illuminate/Foundation/Http/Middleware/ConvertEmptyStringsToNull->handle(Object(Illuminate/Http/Request), Object(Closure))
#47 D:/2026/Fatec/DesenvolvimentoWeb/PacoteVitalicio/RaiosVitaisTres/RaiosVitaisLaravel/vendor/laravel/framework/src/Illuminate/Foundation/Http/Middleware/TransformsRequest.php(21): Illuminate/Pipeline/Pipeline->Illuminate/Pipeline/{closure}(Object(Illuminate/Http/Request))
#48 D:/2026/Fatec/DesenvolvimentoWeb/PacoteVitalicio/RaiosVitaisTres/RaiosVitaisLaravel/vendor/laravel/framework/src/Illuminate/Foundation/Http/Middleware/TrimStrings.php(51): Illuminate/Foundation/Http/Middleware/TransformsRequest->handle(Object(Illuminate/Http/Request), Object(Closure))
#49 D:/2026/Fatec/DesenvolvimentoWeb/PacoteVitalicio/RaiosVitaisTres/RaiosVitaisLaravel/vendor/laravel/framework/src/Illuminate/Pipeline/Pipeline.php(219): Illuminate/Foundation/Http/Middleware/TrimStrings->handle(Object(Illuminate/Http/Request), Object(Closure))
#50 D:/2026/Fatec/DesenvolvimentoWeb/PacoteVitalicio/RaiosVitaisTres/RaiosVitaisLaravel/vendor/laravel/framework/src/Illuminate/Http/Middleware/ValidatePostSize.php(27): Illuminate/Pipeline/Pipeline->Illuminate/Pipeline/{closure}(Object(Illuminate/Http/Request))
#51 D:/2026/Fatec/DesenvolvimentoWeb/PacoteVitalicio/RaiosVitaisTres/RaiosVitaisLaravel/vendor/laravel/framework/src/Illuminate/Pipeline/Pipeline.php(219): Illuminate/Http/Middleware/ValidatePostSize->handle(Object(Illuminate/Http/Request), Object(Closure))
#52 D:/2026/Fatec/DesenvolvimentoWeb/PacoteVitalicio/RaiosVitaisTres/RaiosVitaisLaravel/vendor/laravel/framework/src/Illuminate/Foundation/Http/Middleware/PreventRequestsDuringMaintenance.php(109): Illuminate/Pipeline/Pipeline->Illuminate/Pipeline/{closure}(Object(Illuminate/Http/Request))
#53 D:/2026/Fatec/DesenvolvimentoWeb/PacoteVitalicio/RaiosVitaisTres/RaiosVitaisLaravel/vendor/laravel/framework/src/Illuminate/Pipeline/Pipeline.php(219): Illuminate/Foundation/Http/Middleware/PreventRequestsDuringMaintenance->handle(Object(Illuminate/Http/Request), Object(Closure))
#54 D:/2026/Fatec/DesenvolvimentoWeb/PacoteVitalicio/RaiosVitaisTres/RaiosVitaisLaravel/vendor/laravel/framework/src/Illuminate/Http/Middleware/HandleCors.php(61): Illuminate/Pipeline/Pipeline->Illuminate/Pipeline/{closure}(Object(Illuminate/Http/Request))
#55 D:/2026/Fatec/DesenvolvimentoWeb/PacoteVitalicio/RaiosVitaisTres/RaiosVitaisLaravel/vendor/laravel/framework/src/Illuminate/Pipeline/Pipeline.php(219): Illuminate/Http/Middleware/HandleCors->handle(Object(Illuminate/Http/Request), Object(Closure))
#56 D:/2026/Fatec/DesenvolvimentoWeb/PacoteVitalicio/RaiosVitaisTres/RaiosVitaisLaravel/vendor/laravel/framework/src/Illuminate/Http/Middleware/TrustProxies.php(58): Illuminate/Pipeline/Pipeline->Illuminate/Pipeline/{closure}(Object(Illuminate/Http/Request))
#57 D:/2026/Fatec/DesenvolvimentoWeb/PacoteVitalicio/RaiosVitaisTres/RaiosVitaisLaravel/vendor/laravel/framework/src/Illuminate/Pipeline/Pipeline.php(219): Illuminate/Http/Middleware/TrustProxies->handle(Object(Illuminate/Http/Request), Object(Closure))
#58 D:/2026/Fatec/DesenvolvimentoWeb/PacoteVitalicio/RaiosVitaisTres/RaiosVitaisLaravel/vendor/laravel/framework/src/Illuminate/Foundation/Http/Middleware/InvokeDeferredCallbacks.php(22): Illuminate/Pipeline/Pipeline->Illuminate/Pipeline/{closure}(Object(Illuminate/Http/Request))
#59 D:/2026/Fatec/DesenvolvimentoWeb/PacoteVitalicio/RaiosVitaisTres/RaiosVitaisLaravel/vendor/laravel/framework/src/Illuminate/Pipeline/Pipeline.php(219): Illuminate/Foundation/Http/Middleware/InvokeDeferredCallbacks->handle(Object(Illuminate/Http/Request), Object(Closure))
#60 D:/2026/Fatec/DesenvolvimentoWeb/PacoteVitalicio/RaiosVitaisTres/RaiosVitaisLaravel/vendor/laravel/framework/src/Illuminate/Http/Middleware/ValidatePathEncoding.php(26): Illuminate/Pipeline/Pipeline->Illuminate/Pipeline/{closure}(Object(Illuminate/Http/Request))
#61 D:/2026/Fatec/DesenvolvimentoWeb/PacoteVitalicio/RaiosVitaisTres/RaiosVitaisLaravel/vendor/laravel/framework/src/Illuminate/Pipeline/Pipeline.php(219): Illuminate/Http/Middleware/ValidatePathEncoding->handle(Object(Illuminate/Http/Request), Object(Closure))
#62 D:/2026/Fatec/DesenvolvimentoWeb/PacoteVitalicio/RaiosVitaisTres/RaiosVitaisLaravel/vendor/laravel/framework/src/Illuminate/Pipeline/Pipeline.php(137): Illuminate/Pipeline/Pipeline->Illuminate/Pipeline/{closure}(Object(Illuminate/Http/Request))
#63 D:/2026/Fatec/DesenvolvimentoWeb/PacoteVitalicio/RaiosVitaisTres/RaiosVitaisLaravel/vendor/laravel/framework/src/Illuminate/Foundation/Http/Kernel.php(175): Illuminate/Pipeline/Pipeline->then(Object(Closure))
#64 D:/2026/Fatec/DesenvolvimentoWeb/PacoteVitalicio/RaiosVitaisTres/RaiosVitaisLaravel/vendor/laravel/framework/src/Illuminate/Foundation/Http/Kernel.php(144): Illuminate/Foundation/Http/Kernel->sendRequestThroughRouter(Object(Illuminate/Http/Request))
#65 D:/2026/Fatec/DesenvolvimentoWeb/PacoteVitalicio/RaiosVitaisTres/RaiosVitaisLaravel/vendor/laravel/framework/src/Illuminate/Foundation/Application.php(1220): Illuminate/Foundation/Http/Kernel->handle(Object(Illuminate/Http/Request))
#66 D:/2026/Fatec/DesenvolvimentoWeb/PacoteVitalicio/RaiosVitaisTres/RaiosVitaisLaravel/public/index.php(20): Illuminate/Foundation/Application->handleRequest(Object(Illuminate/Http/Request))
#67 D:/2026/Fatec/DesenvolvimentoWeb/PacoteVitalicio/RaiosVitaisTres/RaiosVitaisLaravel/vendor/laravel/framework/src/Illuminate/Foundation/resources/server.php(23): require_once('D://2026//Fatec//D...')
#68 {main}

[previous exception] [object] (PDOException(code: 42S22): SQLSTATE[42S22]: Column not found: 1054 Unknown column 'email' in 'where clause' at D:/2026/Fatec/DesenvolvimentoWeb/PacoteVitalicio/RaiosVitaisTres/RaiosVitaisLaravel/vendor/laravel/framework/src/Illuminate/Database/Connection.php:420)
[stacktrace]
#0 D:/2026/Fatec/DesenvolvimentoWeb/PacoteVitalicio/RaiosVitaisTres/RaiosVitaisLaravel/vendor/laravel/framework/src/Illuminate/Database/Connection.php(420): PDO->prepare('select count(*)...')
#1 D:/2026/Fatec/DesenvolvimentoWeb/PacoteVitalicio/RaiosVitaisTres/RaiosVitaisLaravel/vendor/laravel/framework/src/Illuminate/Database/Connection.php(827): Illuminate/Database/Connection->Illuminate/Database/{closure}('select count(*)...', Array)
#2 D:/2026/Fatec/DesenvolvimentoWeb/PacoteVitalicio/RaiosVitaisTres/RaiosVitaisLaravel/vendor/laravel/framework/src/Illuminate/Database/Connection.php(794): Illuminate/Database/Connection->runQueryCallback('select count(*)...', Array, Object(Closure))
#3 D:/2026/Fatec/DesenvolvimentoWeb/PacoteVitalicio/RaiosVitaisTres/RaiosVitaisLaravel/vendor/laravel/framework/src/Illuminate/Database/Connection.php(411): Illuminate/Database/Connection->run('select count(*)...', Array, Object(Closure))
#4 D:/2026/Fatec/DesenvolvimentoWeb/PacoteVitalicio/RaiosVitaisTres/RaiosVitaisLaravel/vendor/laravel/framework/src/Illuminate/Database/Query/Builder.php(3505): Illuminate/Database/Connection->select('select count(*)...', Array, false)
#5 D:/2026/Fatec/DesenvolvimentoWeb/PacoteVitalicio/RaiosVitaisTres/RaiosVitaisLaravel/vendor/laravel/framework/src/Illuminate/Database/Query/Builder.php(3490): Illuminate/Database/Query/Builder->runSelect()
#6 D:/2026/Fatec/DesenvolvimentoWeb/PacoteVitalicio/RaiosVitaisTres/RaiosVitaisLaravel/vendor/laravel/framework/src/Illuminate/Database/Query/Builder.php(4080): Illuminate/Database/Query/Builder->Illuminate/Database/Query/{closure}()
#7 D:/2026/Fatec/DesenvolvimentoWeb/PacoteVitalicio/RaiosVitaisTres/RaiosVitaisLaravel/vendor/laravel/framework/src/Illuminate/Database/Query/Builder.php(3489): Illuminate/Database/Query/Builder->onceWithColumns(Array, Object(Closure))
#8 D:/2026/Fatec/DesenvolvimentoWeb/PacoteVitalicio/RaiosVitaisTres/RaiosVitaisLaravel/vendor/laravel/framework/src/Illuminate/Database/Query/Builder.php(4004): Illuminate/Database/Query/Builder->get(Array)
#9 D:/2026/Fatec/DesenvolvimentoWeb/PacoteVitalicio/RaiosVitaisTres/RaiosVitaisLaravel/vendor/laravel/framework/src/Illuminate/Database/Query/Builder.php(3932): Illuminate/Database/Query/Builder->aggregate('count', Array)
#10 D:/2026/Fatec/DesenvolvimentoWeb/PacoteVitalicio/RaiosVitaisTres/RaiosVitaisLaravel/vendor/laravel/framework/src/Illuminate/Validation/DatabasePresenceVerifier.php(53): Illuminate/Database/Query/Builder->count()
#11 D:/2026/Fatec/DesenvolvimentoWeb/PacoteVitalicio/RaiosVitaisTres/RaiosVitaisLaravel/vendor/laravel/framework/src/Illuminate/Validation/Concerns/ValidatesAttributes.php(1083): Illuminate/Validation/DatabasePresenceVerifier->getCount('users', 'email', 'teste@gmail.com', '71', 'id', Array)
#12 D:/2026/Fatec/DesenvolvimentoWeb/PacoteVitalicio/RaiosVitaisTres/RaiosVitaisLaravel/vendor/laravel/framework/src/Illuminate/Validation/Validator.php(726): Illuminate/Validation/Validator->validateUnique('email', 'teste@gmail.com', Array, Object(Illuminate/Validation/Validator))
#13 D:/2026/Fatec/DesenvolvimentoWeb/PacoteVitalicio/RaiosVitaisTres/RaiosVitaisLaravel/vendor/laravel/framework/src/Illuminate/Validation/Validator.php(481): Illuminate/Validation/Validator->validateAttribute('email', 'Unique')
#14 D:/2026/Fatec/DesenvolvimentoWeb/PacoteVitalicio/RaiosVitaisTres/RaiosVitaisLaravel/vendor/laravel/framework/src/Illuminate/Validation/Validator.php(516): Illuminate/Validation/Validator->passes()
#15 D:/2026/Fatec/DesenvolvimentoWeb/PacoteVitalicio/RaiosVitaisTres/RaiosVitaisLaravel/vendor/laravel/framework/src/Illuminate/Validation/Validator.php(598): Illuminate/Validation/Validator->fails()
#16 D:/2026/Fatec/DesenvolvimentoWeb/PacoteVitalicio/RaiosVitaisTres/RaiosVitaisLaravel/vendor/laravel/framework/src/Illuminate/Foundation/Providers/FoundationServiceProvider.php(156): Illuminate/Validation/Validator->validate()
#17 D:/2026/Fatec/DesenvolvimentoWeb/PacoteVitalicio/RaiosVitaisTres/RaiosVitaisLaravel/vendor/laravel/framework/src/Illuminate/Macroable/Traits/Macroable.php(126): Illuminate/Http/Request->Illuminate/Foundation/Providers/{closure}(Array)
#18 D:/2026/Fatec/DesenvolvimentoWeb/PacoteVitalicio/RaiosVitaisTres/RaiosVitaisLaravel/app/Http/Controllers/UserController.php(58): Illuminate/Http/Request->__call('validate', Array)
#19 D:/2026/Fatec/DesenvolvimentoWeb/PacoteVitalicio/RaiosVitaisTres/RaiosVitaisLaravel/vendor/laravel/framework/src/Illuminate/Routing/ControllerDispatcher.php(46): App/Http/Controllers/UserController->update(Object(Illuminate/Http/Request), Object(App/Models/User))
#20 D:/2026/Fatec/DesenvolvimentoWeb/PacoteVitalicio/RaiosVitaisTres/RaiosVitaisLaravel/vendor/laravel/framework/src/Illuminate/Routing/Route.php(265): Illuminate/Routing/ControllerDispatcher->dispatch(Object(Illuminate/Routing/Route), Object(App/Http/Controllers/UserController), 'update')
#21 D:/2026/Fatec/DesenvolvimentoWeb/PacoteVitalicio/RaiosVitaisTres/RaiosVitaisLaravel/vendor/laravel/framework/src/Illuminate/Routing/Route.php(211): Illuminate/Routing/Route->runController()
#22 D:/2026/Fatec/DesenvolvimentoWeb/PacoteVitalicio/RaiosVitaisTres/RaiosVitaisLaravel/vendor/laravel/framework/src/Illuminate/Routing/Router.php(822): Illuminate/Routing/Route->run()
#23 D:/2026/Fatec/DesenvolvimentoWeb/PacoteVitalicio/RaiosVitaisTres/RaiosVitaisLaravel/vendor/laravel/framework/src/Illuminate/Pipeline/Pipeline.php(180): Illuminate/Routing/Router->Illuminate/Routing/{closure}(Object(Illuminate/Http/Request))
#24 D:/2026/Fatec/DesenvolvimentoWeb/PacoteVitalicio/RaiosVitaisTres/RaiosVitaisLaravel/app/Http/Middleware/RequireAuth.php(17): Illuminate/Pipeline/Pipeline->Illuminate/Pipeline/{closure}(Object(Illuminate/Http/Request))
#25 D:/2026/Fatec/DesenvolvimentoWeb/PacoteVitalicio/RaiosVitaisTres/RaiosVitaisLaravel/vendor/laravel/framework/src/Illuminate/Pipeline/Pipeline.php(219): App/Http/Middleware/RequireAuth->handle(Object(Illuminate/Http/Request), Object(Closure))
#26 D:/2026/Fatec/DesenvolvimentoWeb/PacoteVitalicio/RaiosVitaisTres/RaiosVitaisLaravel/vendor/laravel/framework/src/Illuminate/Routing/Middleware/SubstituteBindings.php(50): Illuminate/Pipeline/Pipeline->Illuminate/Pipeline/{closure}(Object(Illuminate/Http/Request))
#27 D:/2026/Fatec/DesenvolvimentoWeb/PacoteVitalicio/RaiosVitaisTres/RaiosVitaisLaravel/vendor/laravel/framework/src/Illuminate/Pipeline/Pipeline.php(219): Illuminate/Routing/Middleware/SubstituteBindings->handle(Object(Illuminate/Http/Request), Object(Closure))
#28 D:/2026/Fatec/DesenvolvimentoWeb/PacoteVitalicio/RaiosVitaisTres/RaiosVitaisLaravel/vendor/laravel/framework/src/Illuminate/Foundation/Http/Middleware/VerifyCsrfToken.php(87): Illuminate/Pipeline/Pipeline->Illuminate/Pipeline/{closure}(Object(Illuminate/Http/Request))
#29 D:/2026/Fatec/DesenvolvimentoWeb/PacoteVitalicio/RaiosVitaisTres/RaiosVitaisLaravel/vendor/laravel/framework/src/Illuminate/Pipeline/Pipeline.php(219): Illuminate/Foundation/Http/Middleware/VerifyCsrfToken->handle(Object(Illuminate/Http/Request), Object(Closure))
#30 D:/2026/Fatec/DesenvolvimentoWeb/PacoteVitalicio/RaiosVitaisTres/RaiosVitaisLaravel/vendor/laravel/framework/src/Illuminate/View/Middleware/ShareErrorsFromSession.php(48): Illuminate/Pipeline/Pipeline->Illuminate/Pipeline/{closure}(Object(Illuminate/Http/Request))
#31 D:/2026/Fatec/DesenvolvimentoWeb/PacoteVitalicio/RaiosVitaisTres/RaiosVitaisLaravel/vendor/laravel/framework/src/Illuminate/Pipeline/Pipeline.php(219): Illuminate/View/Middleware/ShareErrorsFromSession->handle(Object(Illuminate/Http/Request), Object(Closure))
#32 D:/2026/Fatec/DesenvolvimentoWeb/PacoteVitalicio/RaiosVitaisTres/RaiosVitaisLaravel/vendor/laravel/framework/src/Illuminate/Session/Middleware/StartSession.php(120): Illuminate/Pipeline/Pipeline->Illuminate/Pipeline/{closure}(Object(Illuminate/Http/Request))
#33 D:/2026/Fatec/DesenvolvimentoWeb/PacoteVitalicio/RaiosVitaisTres/RaiosVitaisLaravel/vendor/laravel/framework/src/Illuminate/Session/Middleware/StartSession.php(63): Illuminate/Session/Middleware/StartSession->handleStatefulRequest(Object(Illuminate/Http/Request), Object(Illuminate/Session/Store), Object(Closure))
#34 D:/2026/Fatec/DesenvolvimentoWeb/PacoteVitalicio/RaiosVitaisTres/RaiosVitaisLaravel/vendor/laravel/framework/src/Illuminate/Pipeline/Pipeline.php(219): Illuminate/Session/Middleware/StartSession->handle(Object(Illuminate/Http/Request), Object(Closure))
#35 D:/2026/Fatec/DesenvolvimentoWeb/PacoteVitalicio/RaiosVitaisTres/RaiosVitaisLaravel/vendor/laravel/framework/src/Illuminate/Cookie/Middleware/AddQueuedCookiesToResponse.php(36): Illuminate/Pipeline/Pipeline->Illuminate/Pipeline/{closure}(Object(Illuminate/Http/Request))
#36 D:/2026/Fatec/DesenvolvimentoWeb/PacoteVitalicio/RaiosVitaisTres/RaiosVitaisLaravel/vendor/laravel/framework/src/Illuminate/Pipeline/Pipeline.php(219): Illuminate/Cookie/Middleware/AddQueuedCookiesToResponse->handle(Object(Illuminate/Http/Request), Object(Closure))
#37 D:/2026/Fatec/DesenvolvimentoWeb/PacoteVitalicio/RaiosVitaisTres/RaiosVitaisLaravel/vendor/laravel/framework/src/Illuminate/Cookie/Middleware/EncryptCookies.php(74): Illuminate/Pipeline/Pipeline->Illuminate/Pipeline/{closure}(Object(Illuminate/Http/Request))
#38 D:/2026/Fatec/DesenvolvimentoWeb/PacoteVitalicio/RaiosVitaisTres/RaiosVitaisLaravel/vendor/laravel/framework/src/Illuminate/Pipeline/Pipeline.php(219): Illuminate/Cookie/Middleware/EncryptCookies->handle(Object(Illuminate/Http/Request), Object(Closure))
#39 D:/2026/Fatec/DesenvolvimentoWeb/PacoteVitalicio/RaiosVitaisTres/RaiosVitaisLaravel/vendor/laravel/framework/src/Illuminate/Pipeline/Pipeline.php(137): Illuminate/Pipeline/Pipeline->Illuminate/Pipeline/{closure}(Object(Illuminate/Http/Request))
#40 D:/2026/Fatec/DesenvolvimentoWeb/PacoteVitalicio/RaiosVitaisTres/RaiosVitaisLaravel/vendor/laravel/framework/src/Illuminate/Routing/Router.php(821): Illuminate/Pipeline/Pipeline->then(Object(Closure))
#41 D:/2026/Fatec/DesenvolvimentoWeb/PacoteVitalicio/RaiosVitaisTres/RaiosVitaisLaravel/vendor/laravel/framework/src/Illuminate/Routing/Router.php(800): Illuminate/Routing/Router->runRouteWithinStack(Object(Illuminate/Routing/Route), Object(Illuminate/Http/Request))
#42 D:/2026/Fatec/DesenvolvimentoWeb/PacoteVitalicio/RaiosVitaisTres/RaiosVitaisLaravel/vendor/laravel/framework/src/Illuminate/Routing/Router.php(764): Illuminate/Routing/Router->runRoute(Object(Illuminate/Http/Request), Object(Illuminate/Routing/Route))
#43 D:/2026/Fatec/DesenvolvimentoWeb/PacoteVitalicio/RaiosVitaisTres/RaiosVitaisLaravel/vendor/laravel/framework/src/Illuminate/Routing/Router.php(753): Illuminate/Routing/Router->dispatchToRoute(Object(Illuminate/Http/Request))
#44 D:/2026/Fatec/DesenvolvimentoWeb/PacoteVitalicio/RaiosVitaisTres/RaiosVitaisLaravel/vendor/laravel/framework/src/Illuminate/Foundation/Http/Kernel.php(200): Illuminate/Routing/Router->dispatch(Object(Illuminate/Http/Request))
#45 D:/2026/Fatec/DesenvolvimentoWeb/PacoteVitalicio/RaiosVitaisTres/RaiosVitaisLaravel/vendor/laravel/framework/src/Illuminate/Pipeline/Pipeline.php(180): Illuminate/Foundation/Http/Kernel->Illuminate/Foundation/Http/{closure}(Object(Illuminate/Http/Request))
#46 D:/2026/Fatec/DesenvolvimentoWeb/PacoteVitalicio/RaiosVitaisTres/RaiosVitaisLaravel/vendor/laravel/framework/src/Illuminate/Foundation/Http/Middleware/TransformsRequest.php(21): Illuminate/Pipeline/Pipeline->Illuminate/Pipeline/{closure}(Object(Illuminate/Http/Request))
#47 D:/2026/Fatec/DesenvolvimentoWeb/PacoteVitalicio/RaiosVitaisTres/RaiosVitaisLaravel/vendor/laravel/framework/src/Illuminate/Foundation/Http/Middleware/ConvertEmptyStringsToNull.php(31): Illuminate/Foundation/Http/Middleware/TransformsRequest->handle(Object(Illuminate/Http/Request), Object(Closure))
#48 D:/2026/Fatec/DesenvolvimentoWeb/PacoteVitalicio/RaiosVitaisTres/RaiosVitaisLaravel/vendor/laravel/framework/src/Illuminate/Pipeline/Pipeline.php(219): Illuminate/Foundation/Http/Middleware/ConvertEmptyStringsToNull->handle(Object(Illuminate/Http/Request), Object(Closure))
#49 D:/2026/Fatec/DesenvolvimentoWeb/PacoteVitalicio/RaiosVitaisTres/RaiosVitaisLaravel/vendor/laravel/framework/src/Illuminate/Foundation/Http/Middleware/TransformsRequest.php(21): Illuminate/Pipeline/Pipeline->Illuminate/Pipeline/{closure}(Object(Illuminate/Http/Request))
#50 D:/2026/Fatec/DesenvolvimentoWeb/PacoteVitalicio/RaiosVitaisTres/RaiosVitaisLaravel/vendor/laravel/framework/src/Illuminate/Foundation/Http/Middleware/TrimStrings.php(51): Illuminate/Foundation/Http/Middleware/TransformsRequest->handle(Object(Illuminate/Http/Request), Object(Closure))
#51 D:/2026/Fatec/DesenvolvimentoWeb/PacoteVitalicio/RaiosVitaisTres/RaiosVitaisLaravel/vendor/laravel/framework/src/Illuminate/Pipeline/Pipeline.php(219): Illuminate/Foundation/Http/Middleware/TrimStrings->handle(Object(Illuminate/Http/Request), Object(Closure))
#52 D:/2026/Fatec/DesenvolvimentoWeb/PacoteVitalicio/RaiosVitaisTres/RaiosVitaisLaravel/vendor/laravel/framework/src/Illuminate/Http/Middleware/ValidatePostSize.php(27): Illuminate/Pipeline/Pipeline->Illuminate/Pipeline/{closure}(Object(Illuminate/Http/Request))
#53 D:/2026/Fatec/DesenvolvimentoWeb/PacoteVitalicio/RaiosVitaisTres/RaiosVitaisLaravel/vendor/laravel/framework/src/Illuminate/Pipeline/Pipeline.php(219): Illuminate/Http/Middleware/ValidatePostSize->handle(Object(Illuminate/Http/Request), Object(Closure))
#54 D:/2026/Fatec/DesenvolvimentoWeb/PacoteVitalicio/RaiosVitaisTres/RaiosVitaisLaravel/vendor/laravel/framework/src/Illuminate/Foundation/Http/Middleware/PreventRequestsDuringMaintenance.php(109): Illuminate/Pipeline/Pipeline->Illuminate/Pipeline/{closure}(Object(Illuminate/Http/Request))
#55 D:/2026/Fatec/DesenvolvimentoWeb/PacoteVitalicio/RaiosVitaisTres/RaiosVitaisLaravel/vendor/laravel/framework/src/Illuminate/Pipeline/Pipeline.php(219): Illuminate/Foundation/Http/Middleware/PreventRequestsDuringMaintenance->handle(Object(Illuminate/Http/Request), Object(Closure))
#56 D:/2026/Fatec/DesenvolvimentoWeb/PacoteVitalicio/RaiosVitaisTres/RaiosVitaisLaravel/vendor/laravel/framework/src/Illuminate/Http/Middleware/HandleCors.php(61): Illuminate/Pipeline/Pipeline->Illuminate/Pipeline/{closure}(Object(Illuminate/Http/Request))
#57 D:/2026/Fatec/DesenvolvimentoWeb/PacoteVitalicio/RaiosVitaisTres/RaiosVitaisLaravel/vendor/laravel/framework/src/Illuminate/Pipeline/Pipeline.php(219): Illuminate/Http/Middleware/HandleCors->handle(Object(Illuminate/Http/Request), Object(Closure))
#58 D:/2026/Fatec/DesenvolvimentoWeb/PacoteVitalicio/RaiosVitaisTres/RaiosVitaisLaravel/vendor/laravel/framework/src/Illuminate/Http/Middleware/TrustProxies.php(58): Illuminate/Pipeline/Pipeline->Illuminate/Pipeline/{closure}(Object(Illuminate/Http/Request))
#59 D:/2026/Fatec/DesenvolvimentoWeb/PacoteVitalicio/RaiosVitaisTres/RaiosVitaisLaravel/vendor/laravel/framework/src/Illuminate/Pipeline/Pipeline.php(219): Illuminate/Http/Middleware/TrustProxies->handle(Object(Illuminate/Http/Request), Object(Closure))
#60 D:/2026/Fatec/DesenvolvimentoWeb/PacoteVitalicio/RaiosVitaisTres/RaiosVitaisLaravel/vendor/laravel/framework/src/Illuminate/Foundation/Http/Middleware/InvokeDeferredCallbacks.php(22): Illuminate/Pipeline/Pipeline->Illuminate/Pipeline/{closure}(Object(Illuminate/Http/Request))
#61 D:/2026/Fatec/DesenvolvimentoWeb/PacoteVitalicio/RaiosVitaisTres/RaiosVitaisLaravel/vendor/laravel/framework/src/Illuminate/Pipeline/Pipeline.php(219): Illuminate/Foundation/Http/Middleware/InvokeDeferredCallbacks->handle(Object(Illuminate/Http/Request), Object(Closure))
#62 D:/2026/Fatec/DesenvolvimentoWeb/PacoteVitalicio/RaiosVitaisTres/RaiosVitaisLaravel/vendor/laravel/framework/src/Illuminate/Http/Middleware/ValidatePathEncoding.php(26): Illuminate/Pipeline/Pipeline->Illuminate/Pipeline/{closure}(Object(Illuminate/Http/Request))
#63 D:/2026/Fatec/DesenvolvimentoWeb/PacoteVitalicio/RaiosVitaisTres/RaiosVitaisLaravel/vendor/laravel/framework/src/Illuminate/Pipeline/Pipeline.php(219): Illuminate/Http/Middleware/ValidatePathEncoding->handle(Object(Illuminate/Http/Request), Object(Closure))
#64 D:/2026/Fatec/DesenvolvimentoWeb/PacoteVitalicio/RaiosVitaisTres/RaiosVitaisLaravel/vendor/laravel/framework/src/Illuminate/Pipeline/Pipeline.php(137): Illuminate/Pipeline/Pipeline->Illuminate/Pipeline/{closure}(Object(Illuminate/Http/Request))
#65 D:/2026/Fatec/DesenvolvimentoWeb/PacoteVitalicio/RaiosVitaisTres/RaiosVitaisLaravel/vendor/laravel/framework/src/Illuminate/Foundation/Http/Kernel.php(175): Illuminate/Pipeline/Pipeline->then(Object(Closure))
#66 D:/2026/Fatec/DesenvolvimentoWeb/PacoteVitalicio/RaiosVitaisTres/RaiosVitaisLaravel/vendor/laravel/framework/src/Illuminate/Foundation/Http/Kernel.php(144): Illuminate/Foundation/Http/Kernel->sendRequestThroughRouter(Object(Illuminate/Http/Request))
#67 D:/2026/Fatec/DesenvolvimentoWeb/PacoteVitalicio/RaiosVitaisTres/RaiosVitaisLaravel/vendor/laravel/framework/src/Illuminate/Foundation/Application.php(1220): Illuminate/Foundation/Http/Kernel->handle(Object(Illuminate/Http/Request))
#68 D:/2026/Fatec/DesenvolvimentoWeb/PacoteVitalicio/RaiosVitaisTres/RaiosVitaisLaravel/public/index.php(20): Illuminate/Foundation/Application->handleRequest(Object(Illuminate/Http/Request))
#69 D:/2026/Fatec/DesenvolvimentoWeb/PacoteVitalicio/RaiosVitaisTres/RaiosVitaisLaravel/vendor/laravel/framework/src/Illuminate/Foundation/resources/server.php(23): require_once('D://2026//Fatec//D...')
#70 {main}
"} 
